14:02:21:841  INFO 20968 --- [main] com.hmall.cart.CartApplication           : The following 1 profile is active: "local"
14:02:23:505  INFO 20968 --- [main] o.s.cloud.context.scope.GenericScope     : BeanFactory id=fe320716-490a-31c7-8d84-cbd88420cc18
14:02:23:996  INFO 20968 --- [main] o.s.b.w.embedded.tomcat.TomcatWebServer  : Tomcat initialized with port(s): 8082 (http)
14:02:24:009  INFO 20968 --- [main] o.apache.catalina.core.StandardService   : Starting service [Tomcat]
14:02:24:010  INFO 20968 --- [main] org.apache.catalina.core.StandardEngine  : Starting Servlet engine: [Apache Tomcat/9.0.75]
14:02:24:241  INFO 20968 --- [main] o.a.c.c.C.[Tomcat].[localhost].[/]       : Initializing Spring embedded WebApplicationContext
14:02:24:242  INFO 20968 --- [main] w.s.c.ServletWebServerApplicationContext : Root WebApplicationContext: initialization completed in 2344 ms
14:02:24:479  INFO 20968 --- [main] o.s.c.openfeign.FeignClientFactoryBean   : For 'item-service' URL not provided. Will try picking an instance via load-balancing.
14:02:27:939  INFO 20968 --- [main] pertySourcedRequestMappingHandlerMapping : Mapped URL path [/v2/api-docs] onto method [springfox.documentation.swagger2.web.Swagger2ControllerWebMvc#getDocumentation(String, HttpServletRequest)]
14:02:29:204  INFO 20968 --- [main] com.alibaba.nacos.common.remote.client   : [RpcClientFactory] create a new rpc client of c0095b08-6a48-4583-9412-0afc5427d46d
14:02:29:204  INFO 20968 --- [main] com.alibaba.nacos.common.remote.client   : [c0095b08-6a48-4583-9412-0afc5427d46d] RpcClient init label, labels = {module=naming, source=sdk}
14:02:29:208  INFO 20968 --- [main] com.alibaba.nacos.common.remote.client   : [c0095b08-6a48-4583-9412-0afc5427d46d] RpcClient init, ServerListFactory = com.alibaba.nacos.client.naming.core.ServerListManager
14:02:29:208  INFO 20968 --- [main] com.alibaba.nacos.common.remote.client   : [c0095b08-6a48-4583-9412-0afc5427d46d] Registry connection listener to current client:com.alibaba.nacos.client.naming.remote.gprc.redo.NamingGrpcRedoService
14:02:29:209  INFO 20968 --- [main] com.alibaba.nacos.common.remote.client   : [c0095b08-6a48-4583-9412-0afc5427d46d] Register server push request handler:com.alibaba.nacos.client.naming.remote.gprc.NamingPushRequestHandler
14:02:29:210  INFO 20968 --- [main] com.alibaba.nacos.common.remote.client   : [c0095b08-6a48-4583-9412-0afc5427d46d] Try to connect to server on start up, server: {serverIp = '192.168.40.134', server main port = 8848}
14:02:29:342  INFO 20968 --- [main] com.alibaba.nacos.common.remote.client   : [c0095b08-6a48-4583-9412-0afc5427d46d] Success to connect to server [192.168.40.134:8848] on start up, connectionId = 1752300205433_172.17.0.1_52820
14:02:29:342  INFO 20968 --- [main] com.alibaba.nacos.common.remote.client   : [c0095b08-6a48-4583-9412-0afc5427d46d] Register server push request handler:com.alibaba.nacos.common.remote.client.RpcClient$ConnectResetRequestHandler
14:02:29:342  INFO 20968 --- [com.alibaba.nacos.client.remote.worker] com.alibaba.nacos.common.remote.client   : [c0095b08-6a48-4583-9412-0afc5427d46d] Notify connected event to listeners.
14:02:29:343  INFO 20968 --- [main] com.alibaba.nacos.common.remote.client   : [c0095b08-6a48-4583-9412-0afc5427d46d] Register server push request handler:com.alibaba.nacos.common.remote.client.RpcClient$$Lambda$472/0x0000000840468440
14:02:29:401  INFO 20968 --- [main] o.s.b.w.embedded.tomcat.TomcatWebServer  : Tomcat started on port(s): 8082 (http) with context path ''
14:02:29:415  INFO 20968 --- [main] c.a.c.n.registry.NacosServiceRegistry    : nacos registry, DEFAULT_GROUP cart-service 192.168.42.1:8082 register finished
14:02:29:955  INFO 20968 --- [nacos-grpc-client-executor-8] com.alibaba.nacos.common.remote.client   : [c0095b08-6a48-4583-9412-0afc5427d46d] Receive server push request, request = NotifySubscriberRequest, requestId = 35
14:02:29:959  INFO 20968 --- [nacos-grpc-client-executor-8] com.alibaba.nacos.common.remote.client   : [c0095b08-6a48-4583-9412-0afc5427d46d] Ack server push request, request = NotifySubscriberRequest, requestId = 35
14:02:30:284  INFO 20968 --- [main] d.s.w.p.DocumentationPluginsBootstrapper : Documentation plugins bootstrapped
14:02:30:287  INFO 20968 --- [main] d.s.w.p.DocumentationPluginsBootstrapper : Found 1 custom documentation plugin(s)
14:02:30:319  INFO 20968 --- [main] s.d.s.w.s.ApiListingReferenceScanner     : Scanning for api listing references
14:02:30:452  INFO 20968 --- [main] com.hmall.cart.CartApplication           : Started CartApplication in 17.617 seconds (JVM running for 19.77)
14:02:30:459  INFO 20968 --- [main] c.a.c.n.refresh.NacosContextRefresher    : [Nacos Config] Listening config: dataId=cart-service, group=DEFAULT_GROUP
14:02:30:461  INFO 20968 --- [main] c.a.c.n.refresh.NacosContextRefresher    : [Nacos Config] Listening config: dataId=cart-service.yaml, group=DEFAULT_GROUP
14:02:30:461  INFO 20968 --- [main] c.a.c.n.refresh.NacosContextRefresher    : [Nacos Config] Listening config: dataId=cart-service-local.yaml, group=DEFAULT_GROUP
14:02:35:721  INFO 20968 --- [http-nio-8082-exec-1] o.a.c.c.C.[Tomcat].[localhost].[/]       : Initializing Spring DispatcherServlet 'dispatcherServlet'
14:02:35:722  INFO 20968 --- [http-nio-8082-exec-1] o.s.web.servlet.DispatcherServlet        : Initializing Servlet 'dispatcherServlet'
14:02:35:734  INFO 20968 --- [http-nio-8082-exec-1] o.s.web.servlet.DispatcherServlet        : Completed initialization in 9 ms
14:02:36:073  INFO 20968 --- [http-nio-8082-exec-1] com.zaxxer.hikari.HikariDataSource       : HikariPool-1 - Starting...
14:02:36:591  INFO 20968 --- [http-nio-8082-exec-1] com.zaxxer.hikari.HikariDataSource       : HikariPool-1 - Start completed.
14:02:36:608 DEBUG 20968 --- [http-nio-8082-exec-1] c.h.cart.mapper.CartMapper.selectList    : ==>  Preparing: SELECT id,user_id,item_id,num,name,spec,price,image,create_time,update_time FROM cart WHERE (user_id = ?)
14:02:36:649 DEBUG 20968 --- [http-nio-8082-exec-1] c.h.cart.mapper.CartMapper.selectList    : ==> Parameters: 1(Long)
14:02:36:708 DEBUG 20968 --- [http-nio-8082-exec-1] c.h.cart.mapper.CartMapper.selectList    : <==      Total: 4
14:02:36:841 DEBUG 20968 --- [http-nio-8082-exec-1] com.hmall.api.client.ItemClient          : [ItemClient#queryItemByIds] ---> GET http://item-service/items?ids=40305713537&ids=100000006163&ids=2120808&ids=100000003145 HTTP/1.1
14:02:36:842 DEBUG 20968 --- [http-nio-8082-exec-1] com.hmall.api.client.ItemClient          : [ItemClient#queryItemByIds] user-info: 1
14:02:36:842 DEBUG 20968 --- [http-nio-8082-exec-1] com.hmall.api.client.ItemClient          : [ItemClient#queryItemByIds] ---> END HTTP (0-byte body)
14:02:37:678 DEBUG 20968 --- [http-nio-8082-exec-1] com.hmall.api.client.ItemClient          : [ItemClient#queryItemByIds] <--- HTTP/1.1 200 (834ms)
14:02:37:679 DEBUG 20968 --- [http-nio-8082-exec-1] com.hmall.api.client.ItemClient          : [ItemClient#queryItemByIds] connection: keep-alive
14:02:37:679 DEBUG 20968 --- [http-nio-8082-exec-1] com.hmall.api.client.ItemClient          : [ItemClient#queryItemByIds] content-type: application/json
14:02:37:679 DEBUG 20968 --- [http-nio-8082-exec-1] com.hmall.api.client.ItemClient          : [ItemClient#queryItemByIds] date: Sat, 12 Jul 2025 06:02:37 GMT
14:02:37:679 DEBUG 20968 --- [http-nio-8082-exec-1] com.hmall.api.client.ItemClient          : [ItemClient#queryItemByIds] keep-alive: timeout=60
14:02:37:679 DEBUG 20968 --- [http-nio-8082-exec-1] com.hmall.api.client.ItemClient          : [ItemClient#queryItemByIds] transfer-encoding: chunked
14:02:37:679 DEBUG 20968 --- [http-nio-8082-exec-1] com.hmall.api.client.ItemClient          : [ItemClient#queryItemByIds] 
14:02:37:680 DEBUG 20968 --- [http-nio-8082-exec-1] com.hmall.api.client.ItemClient          : [ItemClient#queryItemByIds] [{"id":"2120808","name":"姬龙雪 guy laroche女包 GL经典手提包女牛皮大容量单肩包女欧美时尚包包女包GS1210001-06杏色","price":71800,"stock":1,"image":"https://m.360buyimg.com/mobilecms/s720x720_jfs/t30694/267/398774087/90954/6fc143cf/5bf25358N14dadbf7.jpg!q70.jpg.webp","category":"真皮包","brand":"姬龙雪","spec":"{}","sold":0,"commentCount":0,"isAD":false,"status":1},{"id":"40305713537","name":"【官方正品 品牌直营】奥古狮登小白鞋女秋季透气2018新款百搭韩版休闲鞋运动鞋女鞋厚底板鞋女 浅蓝【厚底】 41","price":35400,"stock":10000,"image":"https://m.360buyimg.com/mobilecms/s720x720_jfs/t1/14147/34/2890/275451/5c225484Ebd346404/e61513be4639ee2e.jpg!q70.jpg.webp","category":"休闲鞋","brand":"奥古狮登","spec":"{\"颜色\": \"金色\", \"尺码\": \"41\"}","sold":0,"commentCount":0,"isAD":false,"status":1},{"id":"100000003145","name":"vivo X23 8GB+128GB 幻夜蓝 水滴屏全面屏 游戏手机 移动联通电信全网通4G手机","price":95900,"stock":10000,"image":"https://m.360buyimg.com/mobilecms/s720x720_jfs/t1/4612/28/6223/298257/5ba22d66Ef665222f/d97ed0b25cbe8c6e.jpg!q70.jpg.webp","category":"手机","brand":"vivo","spec":"{\"颜色\": \"红色\", \"版本\": \"8GB+128GB\"}","sold":11212,"commentCount":1231312,"isAD":true,"status":1},{"id":"100000006163","name":"巴布豆(BOBDOG)柔薄悦动婴儿拉拉裤XXL码80片(15kg以上)","price":67100,"stock":10000,"image":"https://m.360buyimg.com/mobilecms/s720x720_jfs/t23998/350/2363990466/222391/a6e9581d/5b7cba5bN0c18fb4f.jpg!q70.jpg.webp","category":"拉拉裤","brand":"巴布豆","spec":"{}","sold":11,"commentCount":33343434,"isAD":false,"status":2}]
14:02:37:682 DEBUG 20968 --- [http-nio-8082-exec-1] com.hmall.api.client.ItemClient          : [ItemClient#queryItemByIds] <--- END HTTP (1707-byte body)
14:02:37:691  INFO 20968 --- [nacos-grpc-client-executor-12] com.alibaba.nacos.common.remote.client   : [c0095b08-6a48-4583-9412-0afc5427d46d] Receive server push request, request = NotifySubscriberRequest, requestId = 38
14:02:37:691  INFO 20968 --- [nacos-grpc-client-executor-12] com.alibaba.nacos.common.remote.client   : [c0095b08-6a48-4583-9412-0afc5427d46d] Ack server push request, request = NotifySubscriberRequest, requestId = 38
14:03:06:535 DEBUG 20968 --- [http-nio-8082-exec-2] c.h.cart.mapper.CartMapper.selectList    : ==>  Preparing: SELECT id,user_id,item_id,num,name,spec,price,image,create_time,update_time FROM cart WHERE (user_id = ?)
14:03:06:535 DEBUG 20968 --- [http-nio-8082-exec-2] c.h.cart.mapper.CartMapper.selectList    : ==> Parameters: 1(Long)
14:03:06:539 DEBUG 20968 --- [http-nio-8082-exec-2] c.h.cart.mapper.CartMapper.selectList    : <==      Total: 4
14:03:06:542 DEBUG 20968 --- [http-nio-8082-exec-2] com.hmall.api.client.ItemClient          : [ItemClient#queryItemByIds] ---> GET http://item-service/items?ids=40305713537&ids=100000006163&ids=2120808&ids=100000003145 HTTP/1.1
14:03:06:542 DEBUG 20968 --- [http-nio-8082-exec-2] com.hmall.api.client.ItemClient          : [ItemClient#queryItemByIds] user-info: 1
14:03:06:543 DEBUG 20968 --- [http-nio-8082-exec-2] com.hmall.api.client.ItemClient          : [ItemClient#queryItemByIds] ---> END HTTP (0-byte body)
14:03:06:563 DEBUG 20968 --- [http-nio-8082-exec-2] com.hmall.api.client.ItemClient          : [ItemClient#queryItemByIds] <--- HTTP/1.1 200 (20ms)
14:03:06:564 DEBUG 20968 --- [http-nio-8082-exec-2] com.hmall.api.client.ItemClient          : [ItemClient#queryItemByIds] connection: keep-alive
14:03:06:564 DEBUG 20968 --- [http-nio-8082-exec-2] com.hmall.api.client.ItemClient          : [ItemClient#queryItemByIds] content-type: application/json
14:03:06:564 DEBUG 20968 --- [http-nio-8082-exec-2] com.hmall.api.client.ItemClient          : [ItemClient#queryItemByIds] date: Sat, 12 Jul 2025 06:03:06 GMT
14:03:06:564 DEBUG 20968 --- [http-nio-8082-exec-2] com.hmall.api.client.ItemClient          : [ItemClient#queryItemByIds] keep-alive: timeout=60
14:03:06:564 DEBUG 20968 --- [http-nio-8082-exec-2] com.hmall.api.client.ItemClient          : [ItemClient#queryItemByIds] transfer-encoding: chunked
14:03:06:564 DEBUG 20968 --- [http-nio-8082-exec-2] com.hmall.api.client.ItemClient          : [ItemClient#queryItemByIds] 
14:03:06:565 DEBUG 20968 --- [http-nio-8082-exec-2] com.hmall.api.client.ItemClient          : [ItemClient#queryItemByIds] [{"id":"2120808","name":"姬龙雪 guy laroche女包 GL经典手提包女牛皮大容量单肩包女欧美时尚包包女包GS1210001-06杏色","price":71800,"stock":1,"image":"https://m.360buyimg.com/mobilecms/s720x720_jfs/t30694/267/398774087/90954/6fc143cf/5bf25358N14dadbf7.jpg!q70.jpg.webp","category":"真皮包","brand":"姬龙雪","spec":"{}","sold":0,"commentCount":0,"isAD":false,"status":1},{"id":"40305713537","name":"【官方正品 品牌直营】奥古狮登小白鞋女秋季透气2018新款百搭韩版休闲鞋运动鞋女鞋厚底板鞋女 浅蓝【厚底】 41","price":35400,"stock":10000,"image":"https://m.360buyimg.com/mobilecms/s720x720_jfs/t1/14147/34/2890/275451/5c225484Ebd346404/e61513be4639ee2e.jpg!q70.jpg.webp","category":"休闲鞋","brand":"奥古狮登","spec":"{\"颜色\": \"金色\", \"尺码\": \"41\"}","sold":0,"commentCount":0,"isAD":false,"status":1},{"id":"100000003145","name":"vivo X23 8GB+128GB 幻夜蓝 水滴屏全面屏 游戏手机 移动联通电信全网通4G手机","price":95900,"stock":10000,"image":"https://m.360buyimg.com/mobilecms/s720x720_jfs/t1/4612/28/6223/298257/5ba22d66Ef665222f/d97ed0b25cbe8c6e.jpg!q70.jpg.webp","category":"手机","brand":"vivo","spec":"{\"颜色\": \"红色\", \"版本\": \"8GB+128GB\"}","sold":11212,"commentCount":1231312,"isAD":true,"status":1},{"id":"100000006163","name":"巴布豆(BOBDOG)柔薄悦动婴儿拉拉裤XXL码80片(15kg以上)","price":67100,"stock":10000,"image":"https://m.360buyimg.com/mobilecms/s720x720_jfs/t23998/350/2363990466/222391/a6e9581d/5b7cba5bN0c18fb4f.jpg!q70.jpg.webp","category":"拉拉裤","brand":"巴布豆","spec":"{}","sold":11,"commentCount":33343434,"isAD":false,"status":2}]
14:03:06:565 DEBUG 20968 --- [http-nio-8082-exec-2] com.hmall.api.client.ItemClient          : [ItemClient#queryItemByIds] <--- END HTTP (1707-byte body)
14:03:42:082 DEBUG 20968 --- [http-nio-8082-exec-3] com.hmall.cart.mapper.CartMapper.delete  : ==>  Preparing: DELETE FROM cart WHERE (user_id = ? AND item_id IN (?,?))
14:03:42:083 DEBUG 20968 --- [http-nio-8082-exec-3] com.hmall.cart.mapper.CartMapper.delete  : ==> Parameters: 1(Long), 2120808(Long), 100000003145(Long)
14:03:42:089 DEBUG 20968 --- [http-nio-8082-exec-3] com.hmall.cart.mapper.CartMapper.delete  : <==    Updates: 2
14:06:34:483 DEBUG 20968 --- [http-nio-8082-exec-6] c.h.cart.mapper.CartMapper.selectList    : ==>  Preparing: SELECT id,user_id,item_id,num,name,spec,price,image,create_time,update_time FROM cart WHERE (user_id = ?)
14:06:34:484 DEBUG 20968 --- [http-nio-8082-exec-6] c.h.cart.mapper.CartMapper.selectList    : ==> Parameters: 1(Long)
14:06:34:487 DEBUG 20968 --- [http-nio-8082-exec-6] c.h.cart.mapper.CartMapper.selectList    : <==      Total: 2
14:06:34:488 DEBUG 20968 --- [http-nio-8082-exec-6] com.hmall.api.client.ItemClient          : [ItemClient#queryItemByIds] ---> GET http://item-service/items?ids=40305713537&ids=100000006163 HTTP/1.1
14:06:34:489 DEBUG 20968 --- [http-nio-8082-exec-6] com.hmall.api.client.ItemClient          : [ItemClient#queryItemByIds] user-info: 1
14:06:34:489 DEBUG 20968 --- [http-nio-8082-exec-6] com.hmall.api.client.ItemClient          : [ItemClient#queryItemByIds] ---> END HTTP (0-byte body)
14:06:34:509 DEBUG 20968 --- [http-nio-8082-exec-6] com.hmall.api.client.ItemClient          : [ItemClient#queryItemByIds] <--- HTTP/1.1 200 (19ms)
14:06:34:509 DEBUG 20968 --- [http-nio-8082-exec-6] com.hmall.api.client.ItemClient          : [ItemClient#queryItemByIds] connection: keep-alive
14:06:34:509 DEBUG 20968 --- [http-nio-8082-exec-6] com.hmall.api.client.ItemClient          : [ItemClient#queryItemByIds] content-type: application/json
14:06:34:509 DEBUG 20968 --- [http-nio-8082-exec-6] com.hmall.api.client.ItemClient          : [ItemClient#queryItemByIds] date: Sat, 12 Jul 2025 06:06:34 GMT
14:06:34:509 DEBUG 20968 --- [http-nio-8082-exec-6] com.hmall.api.client.ItemClient          : [ItemClient#queryItemByIds] keep-alive: timeout=60
14:06:34:510 DEBUG 20968 --- [http-nio-8082-exec-6] com.hmall.api.client.ItemClient          : [ItemClient#queryItemByIds] transfer-encoding: chunked
14:06:34:510 DEBUG 20968 --- [http-nio-8082-exec-6] com.hmall.api.client.ItemClient          : [ItemClient#queryItemByIds] 
14:06:34:510 DEBUG 20968 --- [http-nio-8082-exec-6] com.hmall.api.client.ItemClient          : [ItemClient#queryItemByIds] [{"id":"40305713537","name":"【官方正品 品牌直营】奥古狮登小白鞋女秋季透气2018新款百搭韩版休闲鞋运动鞋女鞋厚底板鞋女 浅蓝【厚底】 41","price":35400,"stock":10000,"image":"https://m.360buyimg.com/mobilecms/s720x720_jfs/t1/14147/34/2890/275451/5c225484Ebd346404/e61513be4639ee2e.jpg!q70.jpg.webp","category":"休闲鞋","brand":"奥古狮登","spec":"{\"颜色\": \"金色\", \"尺码\": \"41\"}","sold":0,"commentCount":0,"isAD":false,"status":1},{"id":"100000006163","name":"巴布豆(BOBDOG)柔薄悦动婴儿拉拉裤XXL码80片(15kg以上)","price":67100,"stock":10000,"image":"https://m.360buyimg.com/mobilecms/s720x720_jfs/t23998/350/2363990466/222391/a6e9581d/5b7cba5bN0c18fb4f.jpg!q70.jpg.webp","category":"拉拉裤","brand":"巴布豆","spec":"{}","sold":11,"commentCount":33343434,"isAD":false,"status":2}]
14:06:34:510 DEBUG 20968 --- [http-nio-8082-exec-6] com.hmall.api.client.ItemClient          : [ItemClient#queryItemByIds] <--- END HTTP (863-byte body)
14:27:00:968 DEBUG 20968 --- [http-nio-8082-exec-8] c.h.cart.mapper.CartMapper.selectList    : ==>  Preparing: SELECT id,user_id,item_id,num,name,spec,price,image,create_time,update_time FROM cart WHERE (user_id = ?)
14:27:00:970 DEBUG 20968 --- [http-nio-8082-exec-8] c.h.cart.mapper.CartMapper.selectList    : ==> Parameters: 1(Long)
14:27:00:975 DEBUG 20968 --- [http-nio-8082-exec-8] c.h.cart.mapper.CartMapper.selectList    : <==      Total: 2
14:27:00:979 DEBUG 20968 --- [http-nio-8082-exec-8] com.hmall.api.client.ItemClient          : [ItemClient#queryItemByIds] ---> GET http://item-service/items?ids=40305713537&ids=100000006163 HTTP/1.1
14:27:00:980 DEBUG 20968 --- [http-nio-8082-exec-8] com.hmall.api.client.ItemClient          : [ItemClient#queryItemByIds] user-info: 1
14:27:00:980 DEBUG 20968 --- [http-nio-8082-exec-8] com.hmall.api.client.ItemClient          : [ItemClient#queryItemByIds] ---> END HTTP (0-byte body)
14:27:01:036 DEBUG 20968 --- [http-nio-8082-exec-8] com.hmall.api.client.ItemClient          : [ItemClient#queryItemByIds] <--- HTTP/1.1 200 (55ms)
14:27:01:037 DEBUG 20968 --- [http-nio-8082-exec-8] com.hmall.api.client.ItemClient          : [ItemClient#queryItemByIds] connection: keep-alive
14:27:01:037 DEBUG 20968 --- [http-nio-8082-exec-8] com.hmall.api.client.ItemClient          : [ItemClient#queryItemByIds] content-type: application/json
14:27:01:037 DEBUG 20968 --- [http-nio-8082-exec-8] com.hmall.api.client.ItemClient          : [ItemClient#queryItemByIds] date: Sat, 12 Jul 2025 06:27:01 GMT
14:27:01:038 DEBUG 20968 --- [http-nio-8082-exec-8] com.hmall.api.client.ItemClient          : [ItemClient#queryItemByIds] keep-alive: timeout=60
14:27:01:038 DEBUG 20968 --- [http-nio-8082-exec-8] com.hmall.api.client.ItemClient          : [ItemClient#queryItemByIds] transfer-encoding: chunked
14:27:01:038 DEBUG 20968 --- [http-nio-8082-exec-8] com.hmall.api.client.ItemClient          : [ItemClient#queryItemByIds] 
14:27:01:038 DEBUG 20968 --- [http-nio-8082-exec-8] com.hmall.api.client.ItemClient          : [ItemClient#queryItemByIds] [{"id":"40305713537","name":"【官方正品 品牌直营】奥古狮登小白鞋女秋季透气2018新款百搭韩版休闲鞋运动鞋女鞋厚底板鞋女 浅蓝【厚底】 41","price":35400,"stock":10000,"image":"https://m.360buyimg.com/mobilecms/s720x720_jfs/t1/14147/34/2890/275451/5c225484Ebd346404/e61513be4639ee2e.jpg!q70.jpg.webp","category":"休闲鞋","brand":"奥古狮登","spec":"{\"颜色\": \"金色\", \"尺码\": \"41\"}","sold":0,"commentCount":0,"isAD":false,"status":1},{"id":"100000006163","name":"巴布豆(BOBDOG)柔薄悦动婴儿拉拉裤XXL码80片(15kg以上)","price":67100,"stock":10000,"image":"https://m.360buyimg.com/mobilecms/s720x720_jfs/t23998/350/2363990466/222391/a6e9581d/5b7cba5bN0c18fb4f.jpg!q70.jpg.webp","category":"拉拉裤","brand":"巴布豆","spec":"{}","sold":11,"commentCount":33343434,"isAD":false,"status":2}]
14:27:01:039 DEBUG 20968 --- [http-nio-8082-exec-8] com.hmall.api.client.ItemClient          : [ItemClient#queryItemByIds] <--- END HTTP (863-byte body)
14:27:04:106 DEBUG 20968 --- [http-nio-8082-exec-10] c.h.cart.mapper.CartMapper.selectList    : ==>  Preparing: SELECT id,user_id,item_id,num,name,spec,price,image,create_time,update_time FROM cart WHERE (user_id = ?)
14:27:04:108 DEBUG 20968 --- [http-nio-8082-exec-10] c.h.cart.mapper.CartMapper.selectList    : ==> Parameters: 1(Long)
14:27:04:116 DEBUG 20968 --- [http-nio-8082-exec-10] c.h.cart.mapper.CartMapper.selectList    : <==      Total: 2
14:27:04:119 DEBUG 20968 --- [http-nio-8082-exec-10] com.hmall.api.client.ItemClient          : [ItemClient#queryItemByIds] ---> GET http://item-service/items?ids=40305713537&ids=100000006163 HTTP/1.1
14:27:04:120 DEBUG 20968 --- [http-nio-8082-exec-10] com.hmall.api.client.ItemClient          : [ItemClient#queryItemByIds] user-info: 1
14:27:04:122 DEBUG 20968 --- [http-nio-8082-exec-10] com.hmall.api.client.ItemClient          : [ItemClient#queryItemByIds] ---> END HTTP (0-byte body)
14:27:04:204 DEBUG 20968 --- [http-nio-8082-exec-10] com.hmall.api.client.ItemClient          : [ItemClient#queryItemByIds] <--- HTTP/1.1 200 (82ms)
14:27:04:204 DEBUG 20968 --- [http-nio-8082-exec-10] com.hmall.api.client.ItemClient          : [ItemClient#queryItemByIds] connection: keep-alive
14:27:04:204 DEBUG 20968 --- [http-nio-8082-exec-10] com.hmall.api.client.ItemClient          : [ItemClient#queryItemByIds] content-type: application/json
14:27:04:204 DEBUG 20968 --- [http-nio-8082-exec-10] com.hmall.api.client.ItemClient          : [ItemClient#queryItemByIds] date: Sat, 12 Jul 2025 06:27:04 GMT
14:27:04:204 DEBUG 20968 --- [http-nio-8082-exec-10] com.hmall.api.client.ItemClient          : [ItemClient#queryItemByIds] keep-alive: timeout=60
14:27:04:204 DEBUG 20968 --- [http-nio-8082-exec-10] com.hmall.api.client.ItemClient          : [ItemClient#queryItemByIds] transfer-encoding: chunked
14:27:04:204 DEBUG 20968 --- [http-nio-8082-exec-10] com.hmall.api.client.ItemClient          : [ItemClient#queryItemByIds] 
14:27:04:205 DEBUG 20968 --- [http-nio-8082-exec-10] com.hmall.api.client.ItemClient          : [ItemClient#queryItemByIds] [{"id":"40305713537","name":"【官方正品 品牌直营】奥古狮登小白鞋女秋季透气2018新款百搭韩版休闲鞋运动鞋女鞋厚底板鞋女 浅蓝【厚底】 41","price":35400,"stock":10000,"image":"https://m.360buyimg.com/mobilecms/s720x720_jfs/t1/14147/34/2890/275451/5c225484Ebd346404/e61513be4639ee2e.jpg!q70.jpg.webp","category":"休闲鞋","brand":"奥古狮登","spec":"{\"颜色\": \"金色\", \"尺码\": \"41\"}","sold":0,"commentCount":0,"isAD":false,"status":1},{"id":"100000006163","name":"巴布豆(BOBDOG)柔薄悦动婴儿拉拉裤XXL码80片(15kg以上)","price":67100,"stock":10000,"image":"https://m.360buyimg.com/mobilecms/s720x720_jfs/t23998/350/2363990466/222391/a6e9581d/5b7cba5bN0c18fb4f.jpg!q70.jpg.webp","category":"拉拉裤","brand":"巴布豆","spec":"{}","sold":11,"commentCount":33343434,"isAD":false,"status":2}]
14:27:04:206 DEBUG 20968 --- [http-nio-8082-exec-10] com.hmall.api.client.ItemClient          : [ItemClient#queryItemByIds] <--- END HTTP (863-byte body)
14:27:20:383 DEBUG 20968 --- [http-nio-8082-exec-9] com.hmall.cart.mapper.CartMapper.delete  : ==>  Preparing: DELETE FROM cart WHERE (user_id = ? AND item_id IN (?))
14:27:20:383 DEBUG 20968 --- [http-nio-8082-exec-9] com.hmall.cart.mapper.CartMapper.delete  : ==> Parameters: 1(Long), 40305713537(Long)
14:27:20:388 DEBUG 20968 --- [http-nio-8082-exec-9] com.hmall.cart.mapper.CartMapper.delete  : <==    Updates: 1
14:37:16:975 DEBUG 20968 --- [http-nio-8082-exec-3] c.h.cart.mapper.CartMapper.selectList    : ==>  Preparing: SELECT id,user_id,item_id,num,name,spec,price,image,create_time,update_time FROM cart WHERE (user_id = ?)
14:37:16:976 DEBUG 20968 --- [http-nio-8082-exec-3] c.h.cart.mapper.CartMapper.selectList    : ==> Parameters: 1(Long)
14:37:16:981 DEBUG 20968 --- [http-nio-8082-exec-3] c.h.cart.mapper.CartMapper.selectList    : <==      Total: 1
14:37:16:984 DEBUG 20968 --- [http-nio-8082-exec-3] com.hmall.api.client.ItemClient          : [ItemClient#queryItemByIds] ---> GET http://item-service/items?ids=100000006163 HTTP/1.1
14:37:16:984 DEBUG 20968 --- [http-nio-8082-exec-3] com.hmall.api.client.ItemClient          : [ItemClient#queryItemByIds] user-info: 1
14:37:16:984 DEBUG 20968 --- [http-nio-8082-exec-3] com.hmall.api.client.ItemClient          : [ItemClient#queryItemByIds] ---> END HTTP (0-byte body)
14:37:17:000 DEBUG 20968 --- [http-nio-8082-exec-3] com.hmall.api.client.ItemClient          : [ItemClient#queryItemByIds] <--- HTTP/1.1 200 (15ms)
14:37:17:001 DEBUG 20968 --- [http-nio-8082-exec-3] com.hmall.api.client.ItemClient          : [ItemClient#queryItemByIds] connection: keep-alive
14:37:17:001 DEBUG 20968 --- [http-nio-8082-exec-3] com.hmall.api.client.ItemClient          : [ItemClient#queryItemByIds] content-type: application/json
14:37:17:001 DEBUG 20968 --- [http-nio-8082-exec-3] com.hmall.api.client.ItemClient          : [ItemClient#queryItemByIds] date: Sat, 12 Jul 2025 06:37:16 GMT
14:37:17:001 DEBUG 20968 --- [http-nio-8082-exec-3] com.hmall.api.client.ItemClient          : [ItemClient#queryItemByIds] keep-alive: timeout=60
14:37:17:001 DEBUG 20968 --- [http-nio-8082-exec-3] com.hmall.api.client.ItemClient          : [ItemClient#queryItemByIds] transfer-encoding: chunked
14:37:17:001 DEBUG 20968 --- [http-nio-8082-exec-3] com.hmall.api.client.ItemClient          : [ItemClient#queryItemByIds] 
14:37:17:002 DEBUG 20968 --- [http-nio-8082-exec-3] com.hmall.api.client.ItemClient          : [ItemClient#queryItemByIds] [{"id":"100000006163","name":"巴布豆(BOBDOG)柔薄悦动婴儿拉拉裤XXL码80片(15kg以上)","price":67100,"stock":10000,"image":"https://m.360buyimg.com/mobilecms/s720x720_jfs/t23998/350/2363990466/222391/a6e9581d/5b7cba5bN0c18fb4f.jpg!q70.jpg.webp","category":"拉拉裤","brand":"巴布豆","spec":"{}","sold":11,"commentCount":33343434,"isAD":false,"status":2}]
14:37:17:002 DEBUG 20968 --- [http-nio-8082-exec-3] com.hmall.api.client.ItemClient          : [ItemClient#queryItemByIds] <--- END HTTP (371-byte body)
14:37:21:607 DEBUG 20968 --- [http-nio-8082-exec-4] c.h.cart.mapper.CartMapper.selectList    : ==>  Preparing: SELECT id,user_id,item_id,num,name,spec,price,image,create_time,update_time FROM cart WHERE (user_id = ?)
14:37:21:608 DEBUG 20968 --- [http-nio-8082-exec-4] c.h.cart.mapper.CartMapper.selectList    : ==> Parameters: 1(Long)
14:37:21:615 DEBUG 20968 --- [http-nio-8082-exec-4] c.h.cart.mapper.CartMapper.selectList    : <==      Total: 1
14:37:21:624 DEBUG 20968 --- [http-nio-8082-exec-4] com.hmall.api.client.ItemClient          : [ItemClient#queryItemByIds] ---> GET http://item-service/items?ids=100000006163 HTTP/1.1
14:37:21:625 DEBUG 20968 --- [http-nio-8082-exec-4] com.hmall.api.client.ItemClient          : [ItemClient#queryItemByIds] user-info: 1
14:37:21:625 DEBUG 20968 --- [http-nio-8082-exec-4] com.hmall.api.client.ItemClient          : [ItemClient#queryItemByIds] ---> END HTTP (0-byte body)
14:37:21:642 DEBUG 20968 --- [http-nio-8082-exec-4] com.hmall.api.client.ItemClient          : [ItemClient#queryItemByIds] <--- HTTP/1.1 200 (16ms)
14:37:21:642 DEBUG 20968 --- [http-nio-8082-exec-4] com.hmall.api.client.ItemClient          : [ItemClient#queryItemByIds] connection: keep-alive
14:37:21:642 DEBUG 20968 --- [http-nio-8082-exec-4] com.hmall.api.client.ItemClient          : [ItemClient#queryItemByIds] content-type: application/json
14:37:21:642 DEBUG 20968 --- [http-nio-8082-exec-4] com.hmall.api.client.ItemClient          : [ItemClient#queryItemByIds] date: Sat, 12 Jul 2025 06:37:21 GMT
14:37:21:642 DEBUG 20968 --- [http-nio-8082-exec-4] com.hmall.api.client.ItemClient          : [ItemClient#queryItemByIds] keep-alive: timeout=60
14:37:21:642 DEBUG 20968 --- [http-nio-8082-exec-4] com.hmall.api.client.ItemClient          : [ItemClient#queryItemByIds] transfer-encoding: chunked
14:37:21:643 DEBUG 20968 --- [http-nio-8082-exec-4] com.hmall.api.client.ItemClient          : [ItemClient#queryItemByIds] 
14:37:21:643 DEBUG 20968 --- [http-nio-8082-exec-4] com.hmall.api.client.ItemClient          : [ItemClient#queryItemByIds] [{"id":"100000006163","name":"巴布豆(BOBDOG)柔薄悦动婴儿拉拉裤XXL码80片(15kg以上)","price":67100,"stock":10000,"image":"https://m.360buyimg.com/mobilecms/s720x720_jfs/t23998/350/2363990466/222391/a6e9581d/5b7cba5bN0c18fb4f.jpg!q70.jpg.webp","category":"拉拉裤","brand":"巴布豆","spec":"{}","sold":11,"commentCount":33343434,"isAD":false,"status":2}]
14:37:21:643 DEBUG 20968 --- [http-nio-8082-exec-4] com.hmall.api.client.ItemClient          : [ItemClient#queryItemByIds] <--- END HTTP (371-byte body)
14:37:26:667 DEBUG 20968 --- [http-nio-8082-exec-5] c.h.cart.mapper.CartMapper.selectCount   : ==>  Preparing: SELECT COUNT( * ) FROM cart WHERE (user_id = ? AND item_id = ?)
14:37:26:668 DEBUG 20968 --- [http-nio-8082-exec-5] c.h.cart.mapper.CartMapper.selectCount   : ==> Parameters: 1(Long), 2120808(Long)
14:37:26:673 DEBUG 20968 --- [http-nio-8082-exec-5] c.h.cart.mapper.CartMapper.selectCount   : <==      Total: 1
14:37:26:676 DEBUG 20968 --- [http-nio-8082-exec-5] c.h.cart.mapper.CartMapper.selectCount   : ==>  Preparing: SELECT COUNT( * ) FROM cart WHERE (user_id = ?)
14:37:26:676 DEBUG 20968 --- [http-nio-8082-exec-5] c.h.cart.mapper.CartMapper.selectCount   : ==> Parameters: 1(Long)
14:37:26:682 DEBUG 20968 --- [http-nio-8082-exec-5] c.h.cart.mapper.CartMapper.selectCount   : <==      Total: 1
14:37:26:705 DEBUG 20968 --- [http-nio-8082-exec-5] com.hmall.cart.mapper.CartMapper.insert  : ==>  Preparing: INSERT INTO cart ( user_id, item_id, name, spec, price, image ) VALUES ( ?, ?, ?, ?, ?, ? )
14:37:26:708 DEBUG 20968 --- [http-nio-8082-exec-5] com.hmall.cart.mapper.CartMapper.insert  : ==> Parameters: 1(Long), 2120808(Long), 姬龙雪 guy laroche女包 GL经典手提包女牛皮大容量单肩包女欧美时尚包包女包GS1210001-06杏色(String), {}(String), 71800(Integer), https://m.360buyimg.com/mobilecms/s720x720_jfs/t30694/267/398774087/90954/6fc143cf/5bf25358N14dadbf7.jpg!q70.jpg.webp(String)
14:37:26:716 DEBUG 20968 --- [http-nio-8082-exec-5] com.hmall.cart.mapper.CartMapper.insert  : <==    Updates: 1
14:37:27:011 DEBUG 20968 --- [http-nio-8082-exec-6] c.h.cart.mapper.CartMapper.selectList    : ==>  Preparing: SELECT id,user_id,item_id,num,name,spec,price,image,create_time,update_time FROM cart WHERE (user_id = ?)
14:37:27:011 DEBUG 20968 --- [http-nio-8082-exec-6] c.h.cart.mapper.CartMapper.selectList    : ==> Parameters: 1(Long)
14:37:27:017 DEBUG 20968 --- [http-nio-8082-exec-6] c.h.cart.mapper.CartMapper.selectList    : <==      Total: 2
14:37:27:020 DEBUG 20968 --- [http-nio-8082-exec-6] com.hmall.api.client.ItemClient          : [ItemClient#queryItemByIds] ---> GET http://item-service/items?ids=100000006163&ids=2120808 HTTP/1.1
14:37:27:020 DEBUG 20968 --- [http-nio-8082-exec-6] com.hmall.api.client.ItemClient          : [ItemClient#queryItemByIds] user-info: 1
14:37:27:020 DEBUG 20968 --- [http-nio-8082-exec-6] com.hmall.api.client.ItemClient          : [ItemClient#queryItemByIds] ---> END HTTP (0-byte body)
14:37:27:037 DEBUG 20968 --- [http-nio-8082-exec-6] com.hmall.api.client.ItemClient          : [ItemClient#queryItemByIds] <--- HTTP/1.1 200 (16ms)
14:37:27:037 DEBUG 20968 --- [http-nio-8082-exec-6] com.hmall.api.client.ItemClient          : [ItemClient#queryItemByIds] connection: keep-alive
14:37:27:038 DEBUG 20968 --- [http-nio-8082-exec-6] com.hmall.api.client.ItemClient          : [ItemClient#queryItemByIds] content-type: application/json
14:37:27:038 DEBUG 20968 --- [http-nio-8082-exec-6] com.hmall.api.client.ItemClient          : [ItemClient#queryItemByIds] date: Sat, 12 Jul 2025 06:37:27 GMT
14:37:27:038 DEBUG 20968 --- [http-nio-8082-exec-6] com.hmall.api.client.ItemClient          : [ItemClient#queryItemByIds] keep-alive: timeout=60
14:37:27:038 DEBUG 20968 --- [http-nio-8082-exec-6] com.hmall.api.client.ItemClient          : [ItemClient#queryItemByIds] transfer-encoding: chunked
14:37:27:039 DEBUG 20968 --- [http-nio-8082-exec-6] com.hmall.api.client.ItemClient          : [ItemClient#queryItemByIds] 
14:37:27:040 DEBUG 20968 --- [http-nio-8082-exec-6] com.hmall.api.client.ItemClient          : [ItemClient#queryItemByIds] [{"id":"2120808","name":"姬龙雪 guy laroche女包 GL经典手提包女牛皮大容量单肩包女欧美时尚包包女包GS1210001-06杏色","price":71800,"stock":0,"image":"https://m.360buyimg.com/mobilecms/s720x720_jfs/t30694/267/398774087/90954/6fc143cf/5bf25358N14dadbf7.jpg!q70.jpg.webp","category":"真皮包","brand":"姬龙雪","spec":"{}","sold":0,"commentCount":0,"isAD":false,"status":1},{"id":"100000006163","name":"巴布豆(BOBDOG)柔薄悦动婴儿拉拉裤XXL码80片(15kg以上)","price":67100,"stock":10000,"image":"https://m.360buyimg.com/mobilecms/s720x720_jfs/t23998/350/2363990466/222391/a6e9581d/5b7cba5bN0c18fb4f.jpg!q70.jpg.webp","category":"拉拉裤","brand":"巴布豆","spec":"{}","sold":11,"commentCount":33343434,"isAD":false,"status":2}]
14:37:27:040 DEBUG 20968 --- [http-nio-8082-exec-6] com.hmall.api.client.ItemClient          : [ItemClient#queryItemByIds] <--- END HTTP (772-byte body)
14:37:48:022 DEBUG 20968 --- [http-nio-8082-exec-7] c.h.cart.mapper.CartMapper.selectCount   : ==>  Preparing: SELECT COUNT( * ) FROM cart WHERE (user_id = ? AND item_id = ?)
14:37:48:023 DEBUG 20968 --- [http-nio-8082-exec-7] c.h.cart.mapper.CartMapper.selectCount   : ==> Parameters: 1(Long), 1533902(Long)
14:37:48:025 DEBUG 20968 --- [http-nio-8082-exec-7] c.h.cart.mapper.CartMapper.selectCount   : <==      Total: 1
14:37:48:028 DEBUG 20968 --- [http-nio-8082-exec-7] c.h.cart.mapper.CartMapper.selectCount   : ==>  Preparing: SELECT COUNT( * ) FROM cart WHERE (user_id = ?)
14:37:48:029 DEBUG 20968 --- [http-nio-8082-exec-7] c.h.cart.mapper.CartMapper.selectCount   : ==> Parameters: 1(Long)
14:37:48:031 DEBUG 20968 --- [http-nio-8082-exec-7] c.h.cart.mapper.CartMapper.selectCount   : <==      Total: 1
14:37:48:034 DEBUG 20968 --- [http-nio-8082-exec-7] com.hmall.cart.mapper.CartMapper.insert  : ==>  Preparing: INSERT INTO cart ( user_id, item_id, name, spec, price, image ) VALUES ( ?, ?, ?, ?, ?, ? )
14:37:48:034 DEBUG 20968 --- [http-nio-8082-exec-7] com.hmall.cart.mapper.CartMapper.insert  : ==> Parameters: 1(Long), 1533902(Long), 新西兰进口牛奶 纽仕兰 3.5g蛋白质全脂牛奶 250ml*24整箱装纯牛奶(String), {}(String), 9700(Integer), https://m.360buyimg.com/mobilecms/s720x720_jfs/t3526/295/888755633/189982/16ea21b4/5816dce5N70820f42.jpg!q70.jpg.webp(String)
14:37:48:039 DEBUG 20968 --- [http-nio-8082-exec-7] com.hmall.cart.mapper.CartMapper.insert  : <==    Updates: 1
14:37:48:230 DEBUG 20968 --- [http-nio-8082-exec-8] c.h.cart.mapper.CartMapper.selectList    : ==>  Preparing: SELECT id,user_id,item_id,num,name,spec,price,image,create_time,update_time FROM cart WHERE (user_id = ?)
14:37:48:231 DEBUG 20968 --- [http-nio-8082-exec-8] c.h.cart.mapper.CartMapper.selectList    : ==> Parameters: 1(Long)
14:37:48:237 DEBUG 20968 --- [http-nio-8082-exec-8] c.h.cart.mapper.CartMapper.selectList    : <==      Total: 3
14:37:48:240 DEBUG 20968 --- [http-nio-8082-exec-8] com.hmall.api.client.ItemClient          : [ItemClient#queryItemByIds] ---> GET http://item-service/items?ids=100000006163&ids=2120808&ids=1533902 HTTP/1.1
14:37:48:241 DEBUG 20968 --- [http-nio-8082-exec-8] com.hmall.api.client.ItemClient          : [ItemClient#queryItemByIds] user-info: 1
14:37:48:241 DEBUG 20968 --- [http-nio-8082-exec-8] com.hmall.api.client.ItemClient          : [ItemClient#queryItemByIds] ---> END HTTP (0-byte body)
14:37:48:261 DEBUG 20968 --- [http-nio-8082-exec-8] com.hmall.api.client.ItemClient          : [ItemClient#queryItemByIds] <--- HTTP/1.1 200 (19ms)
14:37:48:261 DEBUG 20968 --- [http-nio-8082-exec-8] com.hmall.api.client.ItemClient          : [ItemClient#queryItemByIds] connection: keep-alive
14:37:48:261 DEBUG 20968 --- [http-nio-8082-exec-8] com.hmall.api.client.ItemClient          : [ItemClient#queryItemByIds] content-type: application/json
14:37:48:261 DEBUG 20968 --- [http-nio-8082-exec-8] com.hmall.api.client.ItemClient          : [ItemClient#queryItemByIds] date: Sat, 12 Jul 2025 06:37:48 GMT
14:37:48:261 DEBUG 20968 --- [http-nio-8082-exec-8] com.hmall.api.client.ItemClient          : [ItemClient#queryItemByIds] keep-alive: timeout=60
14:37:48:261 DEBUG 20968 --- [http-nio-8082-exec-8] com.hmall.api.client.ItemClient          : [ItemClient#queryItemByIds] transfer-encoding: chunked
14:37:48:262 DEBUG 20968 --- [http-nio-8082-exec-8] com.hmall.api.client.ItemClient          : [ItemClient#queryItemByIds] 
14:37:48:263 DEBUG 20968 --- [http-nio-8082-exec-8] com.hmall.api.client.ItemClient          : [ItemClient#queryItemByIds] [{"id":"1533902","name":"新西兰进口牛奶 纽仕兰 3.5g蛋白质全脂牛奶 250ml*24整箱装纯牛奶","price":9700,"stock":10000,"image":"https://m.360buyimg.com/mobilecms/s720x720_jfs/t3526/295/888755633/189982/16ea21b4/5816dce5N70820f42.jpg!q70.jpg.webp","category":"牛奶","brand":"纽仕兰","spec":"{}","sold":0,"commentCount":0,"isAD":false,"status":1},{"id":"2120808","name":"姬龙雪 guy laroche女包 GL经典手提包女牛皮大容量单肩包女欧美时尚包包女包GS1210001-06杏色","price":71800,"stock":0,"image":"https://m.360buyimg.com/mobilecms/s720x720_jfs/t30694/267/398774087/90954/6fc143cf/5bf25358N14dadbf7.jpg!q70.jpg.webp","category":"真皮包","brand":"姬龙雪","spec":"{}","sold":0,"commentCount":0,"isAD":false,"status":1},{"id":"100000006163","name":"巴布豆(BOBDOG)柔薄悦动婴儿拉拉裤XXL码80片(15kg以上)","price":67100,"stock":10000,"image":"https://m.360buyimg.com/mobilecms/s720x720_jfs/t23998/350/2363990466/222391/a6e9581d/5b7cba5bN0c18fb4f.jpg!q70.jpg.webp","category":"拉拉裤","brand":"巴布豆","spec":"{}","sold":11,"commentCount":33343434,"isAD":false,"status":2}]
14:37:48:264 DEBUG 20968 --- [http-nio-8082-exec-8] com.hmall.api.client.ItemClient          : [ItemClient#queryItemByIds] <--- END HTTP (1140-byte body)
14:38:04:150 DEBUG 20968 --- [http-nio-8082-exec-10] com.hmall.cart.mapper.CartMapper.delete  : ==>  Preparing: DELETE FROM cart WHERE (user_id = ? AND item_id IN (?))
14:38:04:151 DEBUG 20968 --- [http-nio-8082-exec-10] com.hmall.cart.mapper.CartMapper.delete  : ==> Parameters: 1(Long), 1533902(Long)
14:38:04:156 DEBUG 20968 --- [http-nio-8082-exec-10] com.hmall.cart.mapper.CartMapper.delete  : <==    Updates: 1
