21:01:10:147  INFO 9872 --- [main] com.hmall.trade.TradeApplication         : Starting TradeApplication using Java 17.0.12 on 蓝缡 with PID 9872 (C:\Users\18460\Desktop\springcloud\hmall-master\trade-service\target\classes started by 18460 in C:\Users\18460\Desktop\springcloud\hmall-master)
21:01:10:154 DEBUG 9872 --- [main] com.hmall.trade.TradeApplication         : Running with Spring Boot v2.7.12, Spring v5.3.27
21:01:10:154  INFO 9872 --- [main] com.hmall.trade.TradeApplication         : The following 1 profile is active: "dev"
21:01:11:427  INFO 9872 --- [main] .s.d.r.c.RepositoryConfigurationDelegate : Multiple Spring Data modules found, entering strict repository configuration mode
21:01:11:434  INFO 9872 --- [main] .s.d.r.c.RepositoryConfigurationDelegate : Bootstrapping Spring Data Redis repositories in DEFAULT mode.
21:01:11:478  INFO 9872 --- [main] .s.d.r.c.RepositoryConfigurationDelegate : Finished Spring Data repository scanning in 15 ms. Found 0 Redis repository interfaces.
21:01:11:856  INFO 9872 --- [main] o.s.cloud.context.scope.GenericScope     : BeanFactory id=3720aa29-34fe-3949-b959-151f1f7a470c
21:01:12:556  INFO 9872 --- [main] o.s.b.w.embedded.tomcat.TomcatWebServer  : Tomcat initialized with port(s): 8085 (http)
21:01:12:571  INFO 9872 --- [main] o.apache.catalina.core.StandardService   : Starting service [Tomcat]
21:01:12:571  INFO 9872 --- [main] org.apache.catalina.core.StandardEngine  : Starting Servlet engine: [Apache Tomcat/9.0.75]
21:01:12:858  INFO 9872 --- [main] o.a.c.c.C.[Tomcat].[localhost].[/]       : Initializing Spring embedded WebApplicationContext
21:01:12:859  INFO 9872 --- [main] w.s.c.ServletWebServerApplicationContext : Root WebApplicationContext: initialization completed in 2642 ms
21:01:13:213  INFO 9872 --- [main] o.s.c.openfeign.FeignClientFactoryBean   : For 'item-service' URL not provided. Will try picking an instance via load-balancing.
21:01:14:578  INFO 9872 --- [main] o.s.c.openfeign.FeignClientFactoryBean   : For 'cart-service' URL not provided. Will try picking an instance via load-balancing.
21:01:16:785  INFO 9872 --- [main] o.s.cloud.commons.util.InetUtils         : Cannot determine local hostname
21:01:16:871  INFO 9872 --- [main] pertySourcedRequestMappingHandlerMapping : Mapped URL path [/v2/api-docs] onto method [springfox.documentation.swagger2.web.Swagger2ControllerWebMvc#getDocumentation(String, HttpServletRequest)]
21:01:18:932  INFO 9872 --- [main] o.s.cloud.commons.util.InetUtils         : Cannot determine local hostname
21:01:19:149  INFO 9872 --- [main] com.alibaba.nacos.common.remote.client   : [RpcClientFactory] create a new rpc client of 6381f86c-af70-4b9e-834a-306e88d785ec
21:01:19:242  INFO 9872 --- [main] org.reflections.Reflections              : Reflections took 39 ms to scan 1 urls, producing 3 keys and 6 values 
21:01:19:275  INFO 9872 --- [main] org.reflections.Reflections              : Reflections took 10 ms to scan 1 urls, producing 4 keys and 9 values 
21:01:19:287  INFO 9872 --- [main] org.reflections.Reflections              : Reflections took 7 ms to scan 1 urls, producing 3 keys and 10 values 
21:01:19:293  WARN 9872 --- [main] org.reflections.Reflections              : given scan urls are empty. set urls in the configuration
21:01:19:318  INFO 9872 --- [main] org.reflections.Reflections              : Reflections took 23 ms to scan 1 urls, producing 1 keys and 5 values 
21:01:19:335  INFO 9872 --- [main] org.reflections.Reflections              : Reflections took 13 ms to scan 1 urls, producing 1 keys and 7 values 
21:01:19:356  INFO 9872 --- [main] org.reflections.Reflections              : Reflections took 13 ms to scan 1 urls, producing 2 keys and 8 values 
21:01:19:361  WARN 9872 --- [main] org.reflections.Reflections              : given scan urls are empty. set urls in the configuration
21:01:19:364  INFO 9872 --- [main] com.alibaba.nacos.common.remote.client   : [6381f86c-af70-4b9e-834a-306e88d785ec] RpcClient init label, labels = {module=naming, source=sdk}
21:01:19:368  INFO 9872 --- [main] com.alibaba.nacos.common.remote.client   : [6381f86c-af70-4b9e-834a-306e88d785ec] RpcClient init, ServerListFactory = com.alibaba.nacos.client.naming.core.ServerListManager
21:01:19:368  INFO 9872 --- [main] com.alibaba.nacos.common.remote.client   : [6381f86c-af70-4b9e-834a-306e88d785ec] Registry connection listener to current client:com.alibaba.nacos.client.naming.remote.gprc.redo.NamingGrpcRedoService
21:01:19:369  INFO 9872 --- [main] com.alibaba.nacos.common.remote.client   : [6381f86c-af70-4b9e-834a-306e88d785ec] Register server push request handler:com.alibaba.nacos.client.naming.remote.gprc.NamingPushRequestHandler
21:01:19:374  INFO 9872 --- [main] com.alibaba.nacos.common.remote.client   : [6381f86c-af70-4b9e-834a-306e88d785ec] Try to connect to server on start up, server: {serverIp = '192.168.40.134', server main port = 8848}
21:01:23:104  INFO 9872 --- [main] com.alibaba.nacos.common.remote.client   : [6381f86c-af70-4b9e-834a-306e88d785ec] Success to connect to server [192.168.40.134:8848] on start up, connectionId = 1752152536342_192.168.40.1_63245
21:01:23:108  INFO 9872 --- [com.alibaba.nacos.client.remote.worker] com.alibaba.nacos.common.remote.client   : [6381f86c-af70-4b9e-834a-306e88d785ec] Notify connected event to listeners.
21:01:23:109  INFO 9872 --- [main] com.alibaba.nacos.common.remote.client   : [6381f86c-af70-4b9e-834a-306e88d785ec] Register server push request handler:com.alibaba.nacos.common.remote.client.RpcClient$ConnectResetRequestHandler
21:01:23:110  INFO 9872 --- [main] com.alibaba.nacos.common.remote.client   : [6381f86c-af70-4b9e-834a-306e88d785ec] Register server push request handler:com.alibaba.nacos.common.remote.client.RpcClient$$Lambda$1134/0x000001b78887fb48
21:01:23:299  INFO 9872 --- [main] o.s.b.w.embedded.tomcat.TomcatWebServer  : Tomcat started on port(s): 8085 (http) with context path ''
21:01:23:327  INFO 9872 --- [main] c.a.c.n.registry.NacosServiceRegistry    : nacos registry, DEFAULT_GROUP trade-service 192.168.42.1:8085 register finished
21:01:23:723  INFO 9872 --- [nacos-grpc-client-executor-6] com.alibaba.nacos.common.remote.client   : [6381f86c-af70-4b9e-834a-306e88d785ec] Receive server push request, request = NotifySubscriberRequest, requestId = 12
21:01:23:727  INFO 9872 --- [nacos-grpc-client-executor-6] com.alibaba.nacos.common.remote.client   : [6381f86c-af70-4b9e-834a-306e88d785ec] Ack server push request, request = NotifySubscriberRequest, requestId = 12
21:01:24:893  INFO 9872 --- [main] o.s.cloud.commons.util.InetUtils         : Cannot determine local hostname
21:01:24:894  INFO 9872 --- [main] d.s.w.p.DocumentationPluginsBootstrapper : Documentation plugins bootstrapped
21:01:24:899  INFO 9872 --- [main] d.s.w.p.DocumentationPluginsBootstrapper : Found 1 custom documentation plugin(s)
21:01:24:931  INFO 9872 --- [main] s.d.s.w.s.ApiListingReferenceScanner     : Scanning for api listing references
21:01:25:084  INFO 9872 --- [main] com.hmall.trade.TradeApplication         : Started TradeApplication in 16.851 seconds (JVM running for 18.049)
21:02:09:663  WARN 9872 --- [Thread-7] c.a.n.common.http.HttpClientBeanHolder   : [HttpClientBeanHolder] Start destroying common HttpClient
21:02:09:663  WARN 9872 --- [Thread-4] c.a.nacos.common.notify.NotifyCenter     : [NotifyCenter] Start destroying Publisher
21:02:09:663  WARN 9872 --- [Thread-4] c.a.nacos.common.notify.NotifyCenter     : [NotifyCenter] Destruction of the end
21:02:09:664  WARN 9872 --- [Thread-7] c.a.n.common.http.HttpClientBeanHolder   : [HttpClientBeanHolder] Destruction of the end
21:02:09:737  INFO 9872 --- [SpringApplicationShutdownHook] c.a.c.n.registry.NacosServiceRegistry    : De-registering from Nacos Server now...
21:02:09:743  INFO 9872 --- [SpringApplicationShutdownHook] c.a.c.n.registry.NacosServiceRegistry    : De-registration finished.
21:02:10:065  INFO 9872 --- [SpringApplicationShutdownHook] com.alibaba.nacos.common.remote.client   : Shutdown rpc client, set status to shutdown
21:02:10:065  INFO 9872 --- [SpringApplicationShutdownHook] com.alibaba.nacos.common.remote.client   : Shutdown client event executor java.util.concurrent.ScheduledThreadPoolExecutor@29702945[Running, pool size = 2, active threads = 2, queued tasks = 0, completed tasks = 0]
21:02:10:065  INFO 9872 --- [SpringApplicationShutdownHook] com.alibaba.nacos.common.remote.client   : Close current connection 1752152536342_192.168.40.1_63245
21:02:10:069  INFO 9872 --- [nacos-grpc-client-executor-24] c.a.n.c.remote.client.grpc.GrpcClient    : [1752152536342_192.168.40.1_63245]Ignore complete event,isRunning:false,isAbandon=false
21:02:10:076  INFO 9872 --- [SpringApplicationShutdownHook] c.a.n.c.remote.client.grpc.GrpcClient    : Shutdown grpc executor java.util.concurrent.ThreadPoolExecutor@7c87b20e[Running, pool size = 7, active threads = 0, queued tasks = 0, completed tasks = 25]
