13:59:52:811  INFO 6264 --- [main] com.hmall.user.UserApplication           : Starting UserApplication using Java 11.0.27 on 蓝缡 with PID 6264 (C:\Users\18460\Desktop\springcloud\hmall-master\user-service\target\classes started by 18460 in C:\Users\18460\Desktop\springcloud\hmall-master)
13:59:52:820 DEBUG 6264 --- [main] com.hmall.user.UserApplication           : Running with Spring Boot v2.7.12, Spring v5.3.27
13:59:52:820  INFO 6264 --- [main] com.hmall.user.UserApplication           : The following 1 profile is active: "local"
13:59:54:026 ERROR 6264 --- [main] o.s.boot.SpringApplication               : Application run failed

java.lang.IllegalStateException: Error processing condition on com.hmall.common.config.MyBatisConfig.mybatisPlusInterceptor
	at org.springframework.boot.autoconfigure.condition.SpringBootCondition.matches(SpringBootCondition.java:60) ~[spring-boot-autoconfigure-2.7.12.jar:2.7.12]
	at org.springframework.context.annotation.ConditionEvaluator.shouldSkip(ConditionEvaluator.java:108) ~[spring-context-5.3.27.jar:5.3.27]
	at org.springframework.context.annotation.ConfigurationClassBeanDefinitionReader.loadBeanDefinitionsForBeanMethod(ConfigurationClassBeanDefinitionReader.java:193) ~[spring-context-5.3.27.jar:5.3.27]
	at org.springframework.context.annotation.ConfigurationClassBeanDefinitionReader.loadBeanDefinitionsForConfigurationClass(ConfigurationClassBeanDefinitionReader.java:153) ~[spring-context-5.3.27.jar:5.3.27]
	at org.springframework.context.annotation.ConfigurationClassBeanDefinitionReader.loadBeanDefinitions(ConfigurationClassBeanDefinitionReader.java:129) ~[spring-context-5.3.27.jar:5.3.27]
	at org.springframework.context.annotation.ConfigurationClassPostProcessor.processConfigBeanDefinitions(ConfigurationClassPostProcessor.java:343) ~[spring-context-5.3.27.jar:5.3.27]
	at org.springframework.context.annotation.ConfigurationClassPostProcessor.postProcessBeanDefinitionRegistry(ConfigurationClassPostProcessor.java:247) ~[spring-context-5.3.27.jar:5.3.27]
	at org.springframework.context.support.PostProcessorRegistrationDelegate.invokeBeanDefinitionRegistryPostProcessors(PostProcessorRegistrationDelegate.java:311) ~[spring-context-5.3.27.jar:5.3.27]
	at org.springframework.context.support.PostProcessorRegistrationDelegate.invokeBeanFactoryPostProcessors(PostProcessorRegistrationDelegate.java:112) ~[spring-context-5.3.27.jar:5.3.27]
	at org.springframework.context.support.AbstractApplicationContext.invokeBeanFactoryPostProcessors(AbstractApplicationContext.java:748) ~[spring-context-5.3.27.jar:5.3.27]
	at org.springframework.context.support.AbstractApplicationContext.refresh(AbstractApplicationContext.java:564) ~[spring-context-5.3.27.jar:5.3.27]
	at org.springframework.boot.web.servlet.context.ServletWebServerApplicationContext.refresh(ServletWebServerApplicationContext.java:147) ~[spring-boot-2.7.12.jar:2.7.12]
	at org.springframework.boot.SpringApplication.refresh(SpringApplication.java:731) ~[spring-boot-2.7.12.jar:2.7.12]
	at org.springframework.boot.SpringApplication.refreshContext(SpringApplication.java:408) ~[spring-boot-2.7.12.jar:2.7.12]
	at org.springframework.boot.SpringApplication.run(SpringApplication.java:307) ~[spring-boot-2.7.12.jar:2.7.12]
	at org.springframework.boot.SpringApplication.run(SpringApplication.java:1303) ~[spring-boot-2.7.12.jar:2.7.12]
	at org.springframework.boot.SpringApplication.run(SpringApplication.java:1292) ~[spring-boot-2.7.12.jar:2.7.12]
	at com.hmall.user.UserApplication.main(UserApplication.java:14) ~[classes/:na]
Caused by: java.lang.IllegalStateException: Failed to introspect Class [com.hmall.common.config.MqConfig] from ClassLoader [jdk.internal.loader.ClassLoaders$AppClassLoader@2626b418]
	at org.springframework.util.ReflectionUtils.getDeclaredMethods(ReflectionUtils.java:485) ~[spring-core-5.3.27.jar:5.3.27]
	at org.springframework.util.ReflectionUtils.doWithMethods(ReflectionUtils.java:361) ~[spring-core-5.3.27.jar:5.3.27]
	at org.springframework.util.ReflectionUtils.getUniqueDeclaredMethods(ReflectionUtils.java:418) ~[spring-core-5.3.27.jar:5.3.27]
	at org.springframework.beans.factory.support.AbstractAutowireCapableBeanFactory.lambda$getTypeForFactoryMethod$2(AbstractAutowireCapableBeanFactory.java:765) ~[spring-beans-5.3.27.jar:5.3.27]
	at java.base/java.util.concurrent.ConcurrentHashMap.computeIfAbsent(ConcurrentHashMap.java:1737) ~[na:na]
	at org.springframework.beans.factory.support.AbstractAutowireCapableBeanFactory.getTypeForFactoryMethod(AbstractAutowireCapableBeanFactory.java:764) ~[spring-beans-5.3.27.jar:5.3.27]
	at org.springframework.beans.factory.support.AbstractAutowireCapableBeanFactory.determineTargetType(AbstractAutowireCapableBeanFactory.java:703) ~[spring-beans-5.3.27.jar:5.3.27]
	at org.springframework.beans.factory.support.AbstractAutowireCapableBeanFactory.predictBeanType(AbstractAutowireCapableBeanFactory.java:674) ~[spring-beans-5.3.27.jar:5.3.27]
	at org.springframework.beans.factory.support.AbstractBeanFactory.isFactoryBean(AbstractBeanFactory.java:1684) ~[spring-beans-5.3.27.jar:5.3.27]
	at org.springframework.beans.factory.support.DefaultListableBeanFactory.doGetBeanNamesForType(DefaultListableBeanFactory.java:570) ~[spring-beans-5.3.27.jar:5.3.27]
	at org.springframework.beans.factory.support.DefaultListableBeanFactory.getBeanNamesForType(DefaultListableBeanFactory.java:542) ~[spring-beans-5.3.27.jar:5.3.27]
	at org.springframework.boot.autoconfigure.condition.OnBeanCondition.collectBeanNamesForType(OnBeanCondition.java:246) ~[spring-boot-autoconfigure-2.7.12.jar:2.7.12]
	at org.springframework.boot.autoconfigure.condition.OnBeanCondition.getBeanNamesForType(OnBeanCondition.java:239) ~[spring-boot-autoconfigure-2.7.12.jar:2.7.12]
	at org.springframework.boot.autoconfigure.condition.OnBeanCondition.getBeanNamesForType(OnBeanCondition.java:229) ~[spring-boot-autoconfigure-2.7.12.jar:2.7.12]
	at org.springframework.boot.autoconfigure.condition.OnBeanCondition.getMatchingBeans(OnBeanCondition.java:182) ~[spring-boot-autoconfigure-2.7.12.jar:2.7.12]
	at org.springframework.boot.autoconfigure.condition.OnBeanCondition.getMatchOutcome(OnBeanCondition.java:157) ~[spring-boot-autoconfigure-2.7.12.jar:2.7.12]
	at org.springframework.boot.autoconfigure.condition.SpringBootCondition.matches(SpringBootCondition.java:47) ~[spring-boot-autoconfigure-2.7.12.jar:2.7.12]
	... 17 common frames omitted
Caused by: java.lang.NoClassDefFoundError: org/springframework/amqp/support/converter/MessageConverter
	at java.base/java.lang.Class.getDeclaredMethods0(Native Method) ~[na:na]
	at java.base/java.lang.Class.privateGetDeclaredMethods(Class.java:3166) ~[na:na]
	at java.base/java.lang.Class.getDeclaredMethods(Class.java:2309) ~[na:na]
	at org.springframework.util.ReflectionUtils.getDeclaredMethods(ReflectionUtils.java:467) ~[spring-core-5.3.27.jar:5.3.27]
	... 33 common frames omitted
Caused by: java.lang.ClassNotFoundException: org.springframework.amqp.support.converter.MessageConverter
	at java.base/jdk.internal.loader.BuiltinClassLoader.loadClass(BuiltinClassLoader.java:581) ~[na:na]
	at java.base/jdk.internal.loader.ClassLoaders$AppClassLoader.loadClass(ClassLoaders.java:178) ~[na:na]
	at java.base/java.lang.ClassLoader.loadClass(ClassLoader.java:527) ~[na:na]
	... 37 common frames omitted

13:59:54:035  WARN 6264 --- [main] o.s.boot.SpringApplication               : Unable to close ApplicationContext

java.lang.IllegalStateException: Failed to introspect Class [com.hmall.common.config.MqConfig] from ClassLoader [jdk.internal.loader.ClassLoaders$AppClassLoader@2626b418]
	at org.springframework.util.ReflectionUtils.getDeclaredMethods(ReflectionUtils.java:485) ~[spring-core-5.3.27.jar:5.3.27]
	at org.springframework.util.ReflectionUtils.doWithMethods(ReflectionUtils.java:361) ~[spring-core-5.3.27.jar:5.3.27]
	at org.springframework.util.ReflectionUtils.getUniqueDeclaredMethods(ReflectionUtils.java:418) ~[spring-core-5.3.27.jar:5.3.27]
	at org.springframework.beans.factory.support.AbstractAutowireCapableBeanFactory.lambda$getTypeForFactoryMethod$2(AbstractAutowireCapableBeanFactory.java:765) ~[spring-beans-5.3.27.jar:5.3.27]
	at java.base/java.util.concurrent.ConcurrentHashMap.computeIfAbsent(ConcurrentHashMap.java:1737) ~[na:na]
	at org.springframework.beans.factory.support.AbstractAutowireCapableBeanFactory.getTypeForFactoryMethod(AbstractAutowireCapableBeanFactory.java:764) ~[spring-beans-5.3.27.jar:5.3.27]
	at org.springframework.beans.factory.support.AbstractAutowireCapableBeanFactory.determineTargetType(AbstractAutowireCapableBeanFactory.java:703) ~[spring-beans-5.3.27.jar:5.3.27]
	at org.springframework.beans.factory.support.AbstractAutowireCapableBeanFactory.predictBeanType(AbstractAutowireCapableBeanFactory.java:674) ~[spring-beans-5.3.27.jar:5.3.27]
	at org.springframework.beans.factory.support.AbstractBeanFactory.isFactoryBean(AbstractBeanFactory.java:1684) ~[spring-beans-5.3.27.jar:5.3.27]
	at org.springframework.beans.factory.support.DefaultListableBeanFactory.doGetBeanNamesForType(DefaultListableBeanFactory.java:570) ~[spring-beans-5.3.27.jar:5.3.27]
	at org.springframework.beans.factory.support.DefaultListableBeanFactory.getBeanNamesForType(DefaultListableBeanFactory.java:542) ~[spring-beans-5.3.27.jar:5.3.27]
	at org.springframework.beans.factory.support.DefaultListableBeanFactory.getBeansOfType(DefaultListableBeanFactory.java:669) ~[spring-beans-5.3.27.jar:5.3.27]
	at org.springframework.beans.factory.support.DefaultListableBeanFactory.getBeansOfType(DefaultListableBeanFactory.java:661) ~[spring-beans-5.3.27.jar:5.3.27]
	at org.springframework.context.support.AbstractApplicationContext.getBeansOfType(AbstractApplicationContext.java:1302) ~[spring-context-5.3.27.jar:5.3.27]
	at org.springframework.boot.SpringApplication.getExitCodeFromMappedException(SpringApplication.java:864) ~[spring-boot-2.7.12.jar:2.7.12]
	at org.springframework.boot.SpringApplication.getExitCodeFromException(SpringApplication.java:852) ~[spring-boot-2.7.12.jar:2.7.12]
	at org.springframework.boot.SpringApplication.handleExitCode(SpringApplication.java:839) ~[spring-boot-2.7.12.jar:2.7.12]
	at org.springframework.boot.SpringApplication.handleRunFailure(SpringApplication.java:779) ~[spring-boot-2.7.12.jar:2.7.12]
	at org.springframework.boot.SpringApplication.run(SpringApplication.java:317) ~[spring-boot-2.7.12.jar:2.7.12]
	at org.springframework.boot.SpringApplication.run(SpringApplication.java:1303) ~[spring-boot-2.7.12.jar:2.7.12]
	at org.springframework.boot.SpringApplication.run(SpringApplication.java:1292) ~[spring-boot-2.7.12.jar:2.7.12]
	at com.hmall.user.UserApplication.main(UserApplication.java:14) ~[classes/:na]
Caused by: java.lang.NoClassDefFoundError: org/springframework/amqp/support/converter/MessageConverter
	at java.base/java.lang.Class.getDeclaredMethods0(Native Method) ~[na:na]
	at java.base/java.lang.Class.privateGetDeclaredMethods(Class.java:3166) ~[na:na]
	at java.base/java.lang.Class.getDeclaredMethods(Class.java:2309) ~[na:na]
	at org.springframework.util.ReflectionUtils.getDeclaredMethods(ReflectionUtils.java:467) ~[spring-core-5.3.27.jar:5.3.27]
	... 21 common frames omitted
Caused by: java.lang.ClassNotFoundException: org.springframework.amqp.support.converter.MessageConverter
	at java.base/jdk.internal.loader.BuiltinClassLoader.loadClass(BuiltinClassLoader.java:581) ~[na:na]
	at java.base/jdk.internal.loader.ClassLoaders$AppClassLoader.loadClass(ClassLoaders.java:178) ~[na:na]
	at java.base/java.lang.ClassLoader.loadClass(ClassLoader.java:527) ~[na:na]
	... 25 common frames omitted

14:01:58:139  INFO 21072 --- [main] com.hmall.user.UserApplication           : Starting UserApplication using Java 11.0.27 on 蓝缡 with PID 21072 (C:\Users\18460\Desktop\springcloud\hmall-master\user-service\target\classes started by 18460 in C:\Users\18460\Desktop\springcloud\hmall-master)
14:01:58:142 DEBUG 21072 --- [main] com.hmall.user.UserApplication           : Running with Spring Boot v2.7.12, Spring v5.3.27
14:01:58:142  INFO 21072 --- [main] com.hmall.user.UserApplication           : The following 1 profile is active: "local"
14:01:59:626  INFO 21072 --- [main] o.s.cloud.context.scope.GenericScope     : BeanFactory id=f5fbf4e0-45b9-36ec-b62c-47e82ded79cd
14:02:00:090  INFO 21072 --- [main] o.s.b.w.embedded.tomcat.TomcatWebServer  : Tomcat initialized with port(s): 8084 (http)
14:02:00:101  INFO 21072 --- [main] o.apache.catalina.core.StandardService   : Starting service [Tomcat]
14:02:00:101  INFO 21072 --- [main] org.apache.catalina.core.StandardEngine  : Starting Servlet engine: [Apache Tomcat/9.0.75]
14:02:00:302  INFO 21072 --- [main] o.a.c.c.C.[Tomcat].[localhost].[/]       : Initializing Spring embedded WebApplicationContext
14:02:00:303  INFO 21072 --- [main] w.s.c.ServletWebServerApplicationContext : Root WebApplicationContext: initialization completed in 2095 ms
14:02:08:152  INFO 21072 --- [main] pertySourcedRequestMappingHandlerMapping : Mapped URL path [/v2/api-docs] onto method [springfox.documentation.swagger2.web.Swagger2ControllerWebMvc#getDocumentation(String, HttpServletRequest)]
14:02:10:221  INFO 21072 --- [main] com.alibaba.nacos.common.remote.client   : [RpcClientFactory] create a new rpc client of 8a38bc63-fb71-4a47-8275-20f3a06fe584
14:02:10:338  INFO 21072 --- [main] org.reflections.Reflections              : Reflections took 59 ms to scan 1 urls, producing 3 keys and 6 values 
14:02:10:403  INFO 21072 --- [main] org.reflections.Reflections              : Reflections took 15 ms to scan 1 urls, producing 4 keys and 9 values 
14:02:10:428  INFO 21072 --- [main] org.reflections.Reflections              : Reflections took 12 ms to scan 1 urls, producing 3 keys and 10 values 
14:02:10:437  WARN 21072 --- [main] org.reflections.Reflections              : given scan urls are empty. set urls in the configuration
14:02:10:450  INFO 21072 --- [main] org.reflections.Reflections              : Reflections took 10 ms to scan 1 urls, producing 1 keys and 5 values 
14:02:10:469  INFO 21072 --- [main] org.reflections.Reflections              : Reflections took 12 ms to scan 1 urls, producing 1 keys and 7 values 
14:02:10:483  INFO 21072 --- [main] org.reflections.Reflections              : Reflections took 9 ms to scan 1 urls, producing 2 keys and 8 values 
14:02:10:488  WARN 21072 --- [main] org.reflections.Reflections              : given scan urls are empty. set urls in the configuration
14:02:10:489  INFO 21072 --- [main] com.alibaba.nacos.common.remote.client   : [8a38bc63-fb71-4a47-8275-20f3a06fe584] RpcClient init label, labels = {module=naming, source=sdk}
14:02:10:493  INFO 21072 --- [main] com.alibaba.nacos.common.remote.client   : [8a38bc63-fb71-4a47-8275-20f3a06fe584] RpcClient init, ServerListFactory = com.alibaba.nacos.client.naming.core.ServerListManager
14:02:10:494  INFO 21072 --- [main] com.alibaba.nacos.common.remote.client   : [8a38bc63-fb71-4a47-8275-20f3a06fe584] Registry connection listener to current client:com.alibaba.nacos.client.naming.remote.gprc.redo.NamingGrpcRedoService
14:02:10:495  INFO 21072 --- [main] com.alibaba.nacos.common.remote.client   : [8a38bc63-fb71-4a47-8275-20f3a06fe584] Register server push request handler:com.alibaba.nacos.client.naming.remote.gprc.NamingPushRequestHandler
14:02:10:498  INFO 21072 --- [main] com.alibaba.nacos.common.remote.client   : [8a38bc63-fb71-4a47-8275-20f3a06fe584] Try to connect to server on start up, server: {serverIp = '192.168.40.134', server main port = 8848}
14:02:14:806  INFO 21072 --- [main] com.alibaba.nacos.common.remote.client   : [8a38bc63-fb71-4a47-8275-20f3a06fe584] Success to connect to server [192.168.40.134:8848] on start up, connectionId = 1752300190700_172.17.0.1_52816
14:02:14:808  INFO 21072 --- [com.alibaba.nacos.client.remote.worker] com.alibaba.nacos.common.remote.client   : [8a38bc63-fb71-4a47-8275-20f3a06fe584] Notify connected event to listeners.
14:02:14:809  INFO 21072 --- [main] com.alibaba.nacos.common.remote.client   : [8a38bc63-fb71-4a47-8275-20f3a06fe584] Register server push request handler:com.alibaba.nacos.common.remote.client.RpcClient$ConnectResetRequestHandler
14:02:14:810  INFO 21072 --- [main] com.alibaba.nacos.common.remote.client   : [8a38bc63-fb71-4a47-8275-20f3a06fe584] Register server push request handler:com.alibaba.nacos.common.remote.client.RpcClient$$Lambda$1045/0x00000008406ec840
14:02:14:917  INFO 21072 --- [main] o.s.b.w.embedded.tomcat.TomcatWebServer  : Tomcat started on port(s): 8084 (http) with context path ''
14:02:14:931  INFO 21072 --- [main] c.a.c.n.registry.NacosServiceRegistry    : nacos registry, DEFAULT_GROUP user-service 192.168.42.1:8084 register finished
14:02:15:446  INFO 21072 --- [nacos-grpc-client-executor-9] com.alibaba.nacos.common.remote.client   : [8a38bc63-fb71-4a47-8275-20f3a06fe584] Receive server push request, request = NotifySubscriberRequest, requestId = 34
14:02:15:452  INFO 21072 --- [nacos-grpc-client-executor-9] com.alibaba.nacos.common.remote.client   : [8a38bc63-fb71-4a47-8275-20f3a06fe584] Ack server push request, request = NotifySubscriberRequest, requestId = 34
14:02:16:124  INFO 21072 --- [main] d.s.w.p.DocumentationPluginsBootstrapper : Documentation plugins bootstrapped
14:02:16:129  INFO 21072 --- [main] d.s.w.p.DocumentationPluginsBootstrapper : Found 1 custom documentation plugin(s)
14:02:16:183  INFO 21072 --- [main] s.d.s.w.s.ApiListingReferenceScanner     : Scanning for api listing references
14:02:16:356  INFO 21072 --- [main] com.hmall.user.UserApplication           : Started UserApplication in 19.832 seconds (JVM running for 21.405)
14:02:30:074  INFO 21072 --- [http-nio-8084-exec-1] o.a.c.c.C.[Tomcat].[localhost].[/]       : Initializing Spring DispatcherServlet 'dispatcherServlet'
14:02:30:075  INFO 21072 --- [http-nio-8084-exec-1] o.s.web.servlet.DispatcherServlet        : Initializing Servlet 'dispatcherServlet'
14:02:30:076  INFO 21072 --- [http-nio-8084-exec-1] o.s.web.servlet.DispatcherServlet        : Completed initialization in 1 ms
14:02:30:285  INFO 21072 --- [http-nio-8084-exec-1] com.zaxxer.hikari.HikariDataSource       : HikariPool-1 - Starting...
14:02:30:587  INFO 21072 --- [http-nio-8084-exec-1] com.zaxxer.hikari.HikariDataSource       : HikariPool-1 - Start completed.
14:02:30:597 DEBUG 21072 --- [http-nio-8084-exec-1] c.h.user.mapper.UserMapper.selectList    : ==>  Preparing: SELECT id,username,password,phone,create_time,update_time,status,balance FROM user WHERE (username = ?)
14:02:30:625 DEBUG 21072 --- [http-nio-8084-exec-1] c.h.user.mapper.UserMapper.selectList    : ==> Parameters: Jack(String)
14:02:30:679 DEBUG 21072 --- [http-nio-8084-exec-1] c.h.user.mapper.UserMapper.selectList    : <==      Total: 1
14:02:34:657 DEBUG 21072 --- [http-nio-8084-exec-2] c.h.user.mapper.UserMapper.selectList    : ==>  Preparing: SELECT id,username,password,phone,create_time,update_time,status,balance FROM user WHERE (username = ?)
14:02:34:658 DEBUG 21072 --- [http-nio-8084-exec-2] c.h.user.mapper.UserMapper.selectList    : ==> Parameters: Jack(String)
14:02:34:660 DEBUG 21072 --- [http-nio-8084-exec-2] c.h.user.mapper.UserMapper.selectList    : <==      Total: 1
14:03:36:612 DEBUG 21072 --- [http-nio-8084-exec-4] c.h.u.mapper.AddressMapper.selectList    : ==>  Preparing: SELECT id,user_id,province,city,town,mobile,street,contact,is_default,notes FROM address WHERE (user_id = ?)
14:03:36:613 DEBUG 21072 --- [http-nio-8084-exec-4] c.h.u.mapper.AddressMapper.selectList    : ==> Parameters: 1(Long)
14:03:36:623 DEBUG 21072 --- [http-nio-8084-exec-4] c.h.u.mapper.AddressMapper.selectList    : <==      Total: 4
14:05:34:525  INFO 21072 --- [http-nio-8084-exec-6] c.h.user.service.impl.UserServiceImpl    : 开始扣款
14:05:34:528 DEBUG 21072 --- [http-nio-8084-exec-6] c.h.user.mapper.UserMapper.selectById    : ==>  Preparing: SELECT id,username,password,phone,create_time,update_time,status,balance FROM user WHERE id=?
14:05:34:528 DEBUG 21072 --- [http-nio-8084-exec-6] c.h.user.mapper.UserMapper.selectById    : ==> Parameters: 1(Long)
14:05:34:530 DEBUG 21072 --- [http-nio-8084-exec-6] c.h.user.mapper.UserMapper.selectById    : <==      Total: 1
14:05:34:605 DEBUG 21072 --- [http-nio-8084-exec-6] c.h.user.mapper.UserMapper.updateMoney   : ==>  Preparing: update user set balance = balance - 167700 where id = ?
14:05:34:606 DEBUG 21072 --- [http-nio-8084-exec-6] c.h.user.mapper.UserMapper.updateMoney   : ==> Parameters: 1(Long)
14:05:34:611 DEBUG 21072 --- [http-nio-8084-exec-6] c.h.user.mapper.UserMapper.updateMoney   : <==    Updates: 1
14:05:34:611  INFO 21072 --- [http-nio-8084-exec-6] c.h.user.service.impl.UserServiceImpl    : 扣款成功
14:27:15:890 DEBUG 21072 --- [http-nio-8084-exec-8] c.h.u.mapper.AddressMapper.selectList    : ==>  Preparing: SELECT id,user_id,province,city,town,mobile,street,contact,is_default,notes FROM address WHERE (user_id = ?)
14:27:15:898 DEBUG 21072 --- [http-nio-8084-exec-8] c.h.u.mapper.AddressMapper.selectList    : ==> Parameters: 1(Long)
14:27:15:916 DEBUG 21072 --- [http-nio-8084-exec-8] c.h.u.mapper.AddressMapper.selectList    : <==      Total: 4
14:27:45:398  INFO 21072 --- [http-nio-8084-exec-9] c.h.user.service.impl.UserServiceImpl    : 开始扣款
14:27:45:400 DEBUG 21072 --- [http-nio-8084-exec-9] c.h.user.mapper.UserMapper.selectById    : ==>  Preparing: SELECT id,username,password,phone,create_time,update_time,status,balance FROM user WHERE id=?
14:27:45:401 DEBUG 21072 --- [http-nio-8084-exec-9] c.h.user.mapper.UserMapper.selectById    : ==> Parameters: 1(Long)
14:27:45:405 DEBUG 21072 --- [http-nio-8084-exec-9] c.h.user.mapper.UserMapper.selectById    : <==      Total: 1
14:27:45:483 DEBUG 21072 --- [http-nio-8084-exec-9] c.h.user.mapper.UserMapper.updateMoney   : ==>  Preparing: update user set balance = balance - 35400 where id = ?
14:27:45:483 DEBUG 21072 --- [http-nio-8084-exec-9] c.h.user.mapper.UserMapper.updateMoney   : ==> Parameters: 1(Long)
14:27:45:489 DEBUG 21072 --- [http-nio-8084-exec-9] c.h.user.mapper.UserMapper.updateMoney   : <==    Updates: 1
14:27:45:489  INFO 21072 --- [http-nio-8084-exec-9] c.h.user.service.impl.UserServiceImpl    : 扣款成功
14:37:16:642 DEBUG 21072 --- [http-nio-8084-exec-2] c.h.user.mapper.UserMapper.selectList    : ==>  Preparing: SELECT id,username,password,phone,create_time,update_time,status,balance FROM user WHERE (username = ?)
14:37:16:643 DEBUG 21072 --- [http-nio-8084-exec-2] c.h.user.mapper.UserMapper.selectList    : ==> Parameters: Jack(String)
14:37:16:646 DEBUG 21072 --- [http-nio-8084-exec-2] c.h.user.mapper.UserMapper.selectList    : <==      Total: 1
14:38:00:538 DEBUG 21072 --- [http-nio-8084-exec-3] c.h.u.mapper.AddressMapper.selectList    : ==>  Preparing: SELECT id,user_id,province,city,town,mobile,street,contact,is_default,notes FROM address WHERE (user_id = ?)
14:38:00:539 DEBUG 21072 --- [http-nio-8084-exec-3] c.h.u.mapper.AddressMapper.selectList    : ==> Parameters: 1(Long)
14:38:00:543 DEBUG 21072 --- [http-nio-8084-exec-3] c.h.u.mapper.AddressMapper.selectList    : <==      Total: 4
14:38:10:781  INFO 21072 --- [http-nio-8084-exec-4] c.h.user.service.impl.UserServiceImpl    : 开始扣款
14:38:10:783 DEBUG 21072 --- [http-nio-8084-exec-4] c.h.user.mapper.UserMapper.selectById    : ==>  Preparing: SELECT id,username,password,phone,create_time,update_time,status,balance FROM user WHERE id=?
14:38:10:784 DEBUG 21072 --- [http-nio-8084-exec-4] c.h.user.mapper.UserMapper.selectById    : ==> Parameters: 1(Long)
14:38:10:788 DEBUG 21072 --- [http-nio-8084-exec-4] c.h.user.mapper.UserMapper.selectById    : <==      Total: 1
14:38:10:869 DEBUG 21072 --- [http-nio-8084-exec-4] c.h.user.mapper.UserMapper.updateMoney   : ==>  Preparing: update user set balance = balance - 9700 where id = ?
14:38:10:870 DEBUG 21072 --- [http-nio-8084-exec-4] c.h.user.mapper.UserMapper.updateMoney   : ==> Parameters: 1(Long)
14:38:10:875 DEBUG 21072 --- [http-nio-8084-exec-4] c.h.user.mapper.UserMapper.updateMoney   : <==    Updates: 1
14:38:10:875  INFO 21072 --- [http-nio-8084-exec-4] c.h.user.service.impl.UserServiceImpl    : 扣款成功
